# JRE version: OpenJDK Runtime Environment Temurin-17.0.2+8 (17.0.2+8) (build 17.0.2+8)
# Java VM: OpenJDK 64-Bit Server VM Temurin-17.0.2+8 (17.0.2+8, mixed mode, tiered, compressed oops, compressed class ptrs, g1 gc, linux-amd64)
GC Precious Log:
 CPUs: 6 total, 6 available
 Memory: 15795M
 Large Page Support: Disabled
 NUMA Support: Disabled
 Compressed Oops: Enabled (Zero based)
 Heap Region Size: 2M
 Heap Min Capacity: 8M
 Heap Initial Capacity: 248M
 Heap Max Capacity: 3950M
 Pre-touch: Disabled
 Parallel Workers: 6
 Concurrent Workers: 2
 Concurrent Refinement Workers: 6
 Periodic GC: Disabled
Heap:
 garbage-first heap   total 49152K, used 22069K [0x0000000709200000, 0x0000000800000000)
  region size 2048K, 10 young (20480K), 3 survivors (6144K)
 Metaspace       used 23353K, committed 23552K, reserved 1073152K
  class space    used 3103K, committed 3200K, reserved 1048576K
GC Heap History (6 events):
Event: 0,511 GC heap before
{Heap before GC invocations=0 (full 0):
 garbage-first heap   total 253952K, used 20480K [0x0000000709200000, 0x0000000800000000)
  region size 2048K, 10 young (20480K), 0 survivors (0K)
 Metaspace       used 11889K, committed 12032K, reserved 1064960K
  class space    used 1217K, committed 1280K, reserved 1048576K
}
Event: 0,514 GC heap after
{Heap after GC invocations=1 (full 0):
 garbage-first heap   total 253952K, used 3399K [0x0000000709200000, 0x0000000800000000)
  region size 2048K, 2 young (4096K), 2 survivors (4096K)
 Metaspace       used 11889K, committed 12032K, reserved 1064960K
  class space    used 1217K, committed 1280K, reserved 1048576K
}
Event: 0,855 GC heap before
{Heap before GC invocations=1 (full 0):
 garbage-first heap   total 253952K, used 34119K [0x0000000709200000, 0x0000000800000000)
  region size 2048K, 17 young (34816K), 2 survivors (4096K)
 Metaspace       used 19864K, committed 20096K, reserved 1073152K
  class space    used 2591K, committed 2688K, reserved 1048576K
}
Event: 0,860 GC heap after
{Heap after GC invocations=2 (full 0):
 garbage-first heap   total 253952K, used 7150K [0x0000000709200000, 0x0000000800000000)
  region size 2048K, 2 young (4096K), 2 survivors (4096K)
 Metaspace       used 19864K, committed 20096K, reserved 1073152K
  class space    used 2591K, committed 2688K, reserved 1048576K
}
Event: 0,962 GC heap before
{Heap before GC invocations=2 (full 0):
 garbage-first heap   total 253952K, used 13294K [0x0000000709200000, 0x0000000800000000)
  region size 2048K, 6 young (12288K), 2 survivors (4096K)
 Metaspace       used 21316K, committed 21504K, reserved 1073152K
  class space    used 2799K, committed 2880K, reserved 1048576K
}
Event: 0,965 GC heap after
{Heap after GC invocations=3 (full 0):
 garbage-first heap   total 253952K, used 7733K [0x0000000709200000, 0x0000000800000000)
  region size 2048K, 3 young (6144K), 3 survivors (6144K)
 Metaspace       used 21316K, committed 21504K, reserved 1073152K
  class space    used 2799K, committed 2880K, reserved 1048576K
}

